<?xml version="1.0" encoding="UTF-8"?>
<testsuite name="com.parking.entity.ParkingSpotTest" tests="3" skipped="0" failures="0" errors="0" timestamp="2023-02-20T11:18:36" hostname="Vigneshs-MacBook-Pro.local" time="0.002">
  <properties/>
  <testcase name="Should create a parking spot with a spot number and availability()" classname="com.parking.entity.ParkingSpotTest" time="0.0"/>
  <testcase name="Should occupy parking spot and check its availability()" classname="com.parking.entity.ParkingSpotTest" time="0.0"/>
  <testcase name="Should vacate parking spot and check its availability()" classname="com.parking.entity.ParkingSpotTest" time="0.001"/>
  <system-out><![CDATA[]]></system-out>
  <system-err><![CDATA[]]></system-err>
</testsuite>
