<?xml version="1.0" encoding="UTF-8"?>
<testsuite name="com.parking.dispenser.TicketDispenserTest" tests="2" skipped="0" failures="0" errors="0" timestamp="2023-02-20T11:18:36" hostname="Vigneshs-MacBook-Pro.local" time="0.002">
  <properties/>
  <testcase name="Should increment id with every dispense of ticket()" classname="com.parking.dispenser.TicketDispenserTest" time="0.001"/>
  <testcase name="dispense ticket with id 1()" classname="com.parking.dispenser.TicketDispenserTest" time="0.0"/>
  <system-out><![CDATA[]]></system-out>
  <system-err><![CDATA[]]></system-err>
</testsuite>
