<?xml version="1.0" encoding="UTF-8"?>
<testsuite name="com.parking.entity.ReceiptTest" tests="2" skipped="0" failures="0" errors="0" timestamp="2023-02-20T11:18:36" hostname="Vigneshs-MacBook-Pro.local" time="0.01">
  <properties/>
  <testcase name="Should create receipt with given id, entryTime, exitTime and fee()" classname="com.parking.entity.ReceiptTest" time="0.0"/>
  <testcase name="Should print receipt in right format()" classname="com.parking.entity.ReceiptTest" time="0.01"/>
  <system-out><![CDATA[]]></system-out>
  <system-err><![CDATA[]]></system-err>
</testsuite>
