<?xml version="1.0" encoding="UTF-8"?>
<testsuite name="com.parking.entity.VehicleTest" tests="1" skipped="0" failures="0" errors="0" timestamp="2023-02-20T11:18:36" hostname="Vigneshs-MacBook-Pro.local" time="0.001">
  <properties/>
  <testcase name="Create a vehicle()" classname="com.parking.entity.VehicleTest" time="0.001"/>
  <system-out><![CDATA[]]></system-out>
  <system-err><![CDATA[]]></system-err>
</testsuite>
