<?xml version="1.0" encoding="UTF-8"?>
<testsuite name="com.parking.entity.TicketTest" tests="2" skipped="0" failures="0" errors="0" timestamp="2023-02-20T11:18:36" hostname="Vigneshs-MacBook-Pro.local" time="0.002">
  <properties/>
  <testcase name="Should print ticket in right format()" classname="com.parking.entity.TicketTest" time="0.002"/>
  <testcase name="Should create ticket with given time, vehicle and spot number()" classname="com.parking.entity.TicketTest" time="0.0"/>
  <system-out><![CDATA[]]></system-out>
  <system-err><![CDATA[]]></system-err>
</testsuite>
