<?xml version="1.0" encoding="UTF-8"?>
<testsuite name="com.parking.entity.ParkingLotTest" tests="4" skipped="0" failures="0" errors="0" timestamp="2023-02-20T11:18:36" hostname="Vigneshs-MacBook-Pro.local" time="0.017">
  <properties/>
  <testcase name="Should unPark vehicle and generate receipt with fees()" classname="com.parking.entity.ParkingLotTest" time="0.001"/>
  <testcase name="Should park vehicle and create ticket()" classname="com.parking.entity.ParkingLotTest" time="0.0"/>
  <testcase name="Should create parking lot with 3 floors()" classname="com.parking.entity.ParkingLotTest" time="0.001"/>
  <testcase name="Should throw error if parking space is not available()" classname="com.parking.entity.ParkingLotTest" time="0.014"/>
  <system-out><![CDATA[]]></system-out>
  <system-err><![CDATA[]]></system-err>
</testsuite>
